TodoList/app/build/intermediates/manifest_merge_blame_file/release/manifest-merger-blame-release-report.txt
1<?xml version="1.0" encoding="utf-8"?>
2<manifest xmlns:android="http://schemas.android.com/apk/res/android"
3    package="com.example.todolist"
4    android:versionCode="1"
5    android:versionName="1.0" >
6
7    <uses-sdk
8        android:minSdkVersion="27"
8-->src/main/AndroidManifest.xml
9        android:targetSdkVersion="32" />
9-->src/main/AndroidManifest.xml
10
11    <application
11-->src/main/AndroidManifest.xml:5:5-34:19
12        android:allowBackup="true"
12-->src/main/AndroidManifest.xml:6:9-35
13        android:appComponentFactory="androidx.core.app.CoreComponentFactory"
13-->[androidx.core:core:1.7.0] AndroidManifest.xml:24:18-86
14        android:extractNativeLibs="false"
15        android:icon="@mipmap/ic_launcher_to_do_list"
15-->src/main/AndroidManifest.xml:7:9-54
16        android:label="@string/app_name"
16-->src/main/AndroidManifest.xml:8:9-41
17        android:roundIcon="@mipmap/ic_launcher_to_do_list_round"
17-->src/main/AndroidManifest.xml:9:9-65
18        android:supportsRtl="true"
18-->src/main/AndroidManifest.xml:10:9-35
19        android:theme="@style/Theme.TodoList" >
19-->src/main/AndroidManifest.xml:11:9-46
20        <activity
20-->src/main/AndroidManifest.xml:13:9-17:20
21            android:name="com.example.todolist.LoginActivity"
21-->src/main/AndroidManifest.xml:14:13-42
22            android:exported="true" >
22-->src/main/AndroidManifest.xml:15:13-36
23        </activity>
24        <activity
24-->src/main/AndroidManifest.xml:19:9-27:20
25            android:name="com.example.todolist.SplashActivity"
25-->src/main/AndroidManifest.xml:20:13-43
26            android:exported="true" >
26-->src/main/AndroidManifest.xml:21:13-36
27            <intent-filter>
27-->src/main/AndroidManifest.xml:22:13-26:29
28                <action android:name="android.intent.action.MAIN" />
28-->src/main/AndroidManifest.xml:23:17-69
28-->src/main/AndroidManifest.xml:23:25-66
29
30                <category android:name="android.intent.category.LAUNCHER" />
30-->src/main/AndroidManifest.xml:25:17-77
30-->src/main/AndroidManifest.xml:25:27-74
31            </intent-filter>
32        </activity>
33        <activity
33-->src/main/AndroidManifest.xml:29:9-32:20
34            android:name="com.example.todolist.MainActivity"
34-->src/main/AndroidManifest.xml:30:13-41
35            android:exported="true" >
35-->src/main/AndroidManifest.xml:31:13-36
36        </activity>
37
38        <provider
38-->[androidx.emoji2:emoji2:1.0.0] AndroidManifest.xml:26:9-34:20
39            android:name="androidx.startup.InitializationProvider"
39-->[androidx.emoji2:emoji2:1.0.0] AndroidManifest.xml:27:13-67
40            android:authorities="com.example.todolist.androidx-startup"
40-->[androidx.emoji2:emoji2:1.0.0] AndroidManifest.xml:28:13-68
41            android:exported="false" >
41-->[androidx.emoji2:emoji2:1.0.0] AndroidManifest.xml:29:13-37
42            <meta-data
42-->[androidx.emoji2:emoji2:1.0.0] AndroidManifest.xml:31:13-33:52
43                android:name="androidx.emoji2.text.EmojiCompatInitializer"
43-->[androidx.emoji2:emoji2:1.0.0] AndroidManifest.xml:32:17-75
44                android:value="androidx.startup" />
44-->[androidx.emoji2:emoji2:1.0.0] AndroidManifest.xml:33:17-49
45            <meta-data
45-->[androidx.lifecycle:lifecycle-process:2.4.0] AndroidManifest.xml:31:13-33:52
46                android:name="androidx.lifecycle.ProcessLifecycleInitializer"
46-->[androidx.lifecycle:lifecycle-process:2.4.0] AndroidManifest.xml:32:17-78
47                android:value="androidx.startup" />
47-->[androidx.lifecycle:lifecycle-process:2.4.0] AndroidManifest.xml:33:17-49
48        </provider>
49    </application>
50
51</manifest>